# JRE version: 7.0_04-b22
# Java VM: Java HotSpot(TM) Client VM (23.0-b21 mixed mode, sharing windows-x86 )
Heap
 def new generation   total 4928K, used 285K [0x24800000, 0x24d50000, 0x29d50000)
  eden space 4416K,   4% used [0x24800000, 0x24836ab8, 0x24c50000)
  from space 512K,  13% used [0x24cd0000, 0x24ce0d38, 0x24d50000)
  to   space 512K,   0% used [0x24c50000, 0x24c50000, 0x24cd0000)
 tenured generation   total 10944K, used 4242K [0x29d50000, 0x2a800000, 0x34800000)
   the space 10944K,  38% used [0x29d50000, 0x2a174910, 0x2a174a00, 0x2a800000)
 compacting perm gen  total 12288K, used 1394K [0x34800000, 0x35400000, 0x38800000)
   the space 12288K,  11% used [0x34800000, 0x3495c8b8, 0x3495ca00, 0x35400000)
    ro space 10240K,  42% used [0x38800000, 0x38c3e578, 0x38c3e600, 0x39200000)
    rw space 12288K,  54% used [0x39200000, 0x3987f0e8, 0x3987f200, 0x39e00000)
GC Heap History (10 events):
Event: 15.280 GC heap before
{Heap before GC invocations=2 (full 0):
 def new generation   total 4928K, used 2755K [0x24800000, 0x24d50000, 0x29d50000)
  eden space 4416K,  62% used [0x24800000, 0x24aad860, 0x24c50000)
  from space 512K,   2% used [0x24c50000, 0x24c536b8, 0x24cd0000)
  to   space 512K,   0% used [0x24cd0000, 0x24cd0000, 0x24d50000)
 tenured generation   total 10944K, used 3575K [0x29d50000, 0x2a800000, 0x34800000)
   the space 10944K,  32% used [0x29d50000, 0x2a0cdf68, 0x2a0ce000, 0x2a800000)
 compacting perm gen  total 12288K, used 990K [0x34800000, 0x35400000, 0x38800000)
   the space 12288K,   8% used [0x34800000, 0x348f7870, 0x348f7a00, 0x35400000)
    ro space 10240K,  42% used [0x38800000, 0x38c3e578, 0x38c3e600, 0x39200000)
    rw space 12288K,  54% used [0x39200000, 0x3987f0e8, 0x3987f200, 0x39e00000)
Event: 15.284 GC heap after
Heap after GC invocations=3 (full 0):
 def new generation   total 4928K, used 17K [0x24800000, 0x24d50000, 0x29d50000)
  eden space 4416K,   0% used [0x24800000, 0x24800000, 0x24c50000)
  from space 512K,   3% used [0x24cd0000, 0x24cd4688, 0x24d50000)
  to   space 512K,   0% used [0x24c50000, 0x24c50000, 0x24cd0000)
 tenured generation   total 10944K, used 3575K [0x29d50000, 0x2a800000, 0x34800000)
   the space 10944K,  32% used [0x29d50000, 0x2a0cdf68, 0x2a0ce000, 0x2a800000)
 compacting perm gen  total 12288K, used 990K [0x34800000, 0x35400000, 0x38800000)
   the space 12288K,   8% used [0x34800000, 0x348f7870, 0x348f7a00, 0x35400000)
    ro space 10240K,  42% used [0x38800000, 0x38c3e578, 0x38c3e600, 0x39200000)
    rw space 12288K,  54% used [0x39200000, 0x3987f0e8, 0x3987f200, 0x39e00000)
}
Event: 21.042 GC heap before
{Heap before GC invocations=3 (full 0):
 def new generation   total 4928K, used 2698K [0x24800000, 0x24d50000, 0x29d50000)
  eden space 4416K,  60% used [0x24800000, 0x24a9e248, 0x24c50000)
  from space 512K,   3% used [0x24cd0000, 0x24cd4688, 0x24d50000)
  to   space 512K,   0% used [0x24c50000, 0x24c50000, 0x24cd0000)
 tenured generation   total 10944K, used 3575K [0x29d50000, 0x2a800000, 0x34800000)
   the space 10944K,  32% used [0x29d50000, 0x2a0cdf68, 0x2a0ce000, 0x2a800000)
 compacting perm gen  total 12288K, used 990K [0x34800000, 0x35400000, 0x38800000)
   the space 12288K,   8% used [0x34800000, 0x348f7890, 0x348f7a00, 0x35400000)
    ro space 10240K,  42% used [0x38800000, 0x38c3e578, 0x38c3e600, 0x39200000)
    rw space 12288K,  54% used [0x39200000, 0x3987f0e8, 0x3987f200, 0x39e00000)
Event: 21.044 GC heap after
Heap after GC invocations=4 (full 0):
 def new generation   total 4928K, used 17K [0x24800000, 0x24d50000, 0x29d50000)
  eden space 4416K,   0% used [0x24800000, 0x24800000, 0x24c50000)
  from space 512K,   3% used [0x24c50000, 0x24c546b8, 0x24cd0000)
  to   space 512K,   0% used [0x24cd0000, 0x24cd0000, 0x24d50000)
 tenured generation   total 10944K, used 3575K [0x29d50000, 0x2a800000, 0x34800000)
   the space 10944K,  32% used [0x29d50000, 0x2a0cdf68, 0x2a0ce000, 0x2a800000)
 compacting perm gen  total 12288K, used 990K [0x34800000, 0x35400000, 0x38800000)
   the space 12288K,   8% used [0x34800000, 0x348f7890, 0x348f7a00, 0x35400000)
    ro space 10240K,  42% used [0x38800000, 0x38c3e578, 0x38c3e600, 0x39200000)
    rw space 12288K,  54% used [0x39200000, 0x3987f0e8, 0x3987f200, 0x39e00000)
}
Event: 23.556 GC heap before
{Heap before GC invocations=4 (full 0):
 def new generation   total 4928K, used 2658K [0x24800000, 0x24d50000, 0x29d50000)
  eden space 4416K,  59% used [0x24800000, 0x24a941f0, 0x24c50000)
  from space 512K,   3% used [0x24c50000, 0x24c546b8, 0x24cd0000)
  to   space 512K,   0% used [0x24cd0000, 0x24cd0000, 0x24d50000)
 tenured generation   total 10944K, used 3575K [0x29d50000, 0x2a800000, 0x34800000)
   the space 10944K,  32% used [0x29d50000, 0x2a0cdf68, 0x2a0ce000, 0x2a800000)
 compacting perm gen  total 12288K, used 990K [0x34800000, 0x35400000, 0x38800000)
   the space 12288K,   8% used [0x34800000, 0x348f7890, 0x348f7a00, 0x35400000)
    ro space 10240K,  42% used [0x38800000, 0x38c3e578, 0x38c3e600, 0x39200000)
    rw space 12288K,  54% used [0x39200000, 0x3987f0e8, 0x3987f200, 0x39e00000)
Event: 23.558 GC heap after
Heap after GC invocations=5 (full 0):
 def new generation   total 4928K, used 17K [0x24800000, 0x24d50000, 0x29d50000)
  eden space 4416K,   0% used [0x24800000, 0x24800000, 0x24c50000)
  from space 512K,   3% used [0x24cd0000, 0x24cd46e8, 0x24d50000)
  to   space 512K,   0% used [0x24c50000, 0x24c50000, 0x24cd0000)
 tenured generation   total 10944K, used 3575K [0x29d50000, 0x2a800000, 0x34800000)
   the space 10944K,  32% used [0x29d50000, 0x2a0cdf68, 0x2a0ce000, 0x2a800000)
 compacting perm gen  total 12288K, used 990K [0x34800000, 0x35400000, 0x38800000)
   the space 12288K,   8% used [0x34800000, 0x348f7890, 0x348f7a00, 0x35400000)
    ro space 10240K,  42% used [0x38800000, 0x38c3e578, 0x38c3e600, 0x39200000)
    rw space 12288K,  54% used [0x39200000, 0x3987f0e8, 0x3987f200, 0x39e00000)
}
Event: 28.257 GC heap before
{Heap before GC invocations=5 (full 0):
 def new generation   total 4928K, used 4433K [0x24800000, 0x24d50000, 0x29d50000)
  eden space 4416K, 100% used [0x24800000, 0x24c50000, 0x24c50000)
  from space 512K,   3% used [0x24cd0000, 0x24cd46e8, 0x24d50000)
  to   space 512K,   0% used [0x24c50000, 0x24c50000, 0x24cd0000)
 tenured generation   total 10944K, used 3575K [0x29d50000, 0x2a800000, 0x34800000)
   the space 10944K,  32% used [0x29d50000, 0x2a0cdf68, 0x2a0ce000, 0x2a800000)
 compacting perm gen  total 12288K, used 1362K [0x34800000, 0x35400000, 0x38800000)
   the space 12288K,  11% used [0x34800000, 0x34954a20, 0x34954c00, 0x35400000)
    ro space 10240K,  42% used [0x38800000, 0x38c3e578, 0x38c3e600, 0x39200000)
    rw space 12288K,  54% used [0x39200000, 0x3987f0e8, 0x3987f200, 0x39e00000)
Event: 28.265 GC heap after
Heap after GC invocations=6 (full 0):
 def new generation   total 4928K, used 512K [0x24800000, 0x24d50000, 0x29d50000)
  eden space 4416K,   0% used [0x24800000, 0x24800000, 0x24c50000)
  from space 512K, 100% used [0x24c50000, 0x24cd0000, 0x24cd0000)
  to   space 512K,   0% used [0x24cd0000, 0x24cd0000, 0x24d50000)
 tenured generation   total 10944K, used 3746K [0x29d50000, 0x2a800000, 0x34800000)
   the space 10944K,  34% used [0x29d50000, 0x2a0f8b88, 0x2a0f8c00, 0x2a800000)
 compacting perm gen  total 12288K, used 1362K [0x34800000, 0x35400000, 0x38800000)
   the space 12288K,  11% used [0x34800000, 0x34954a20, 0x34954c00, 0x35400000)
    ro space 10240K,  42% used [0x38800000, 0x38c3e578, 0x38c3e600, 0x39200000)
    rw space 12288K,  54% used [0x39200000, 0x3987f0e8, 0x3987f200, 0x39e00000)
}
Event: 28.930 GC heap before
{Heap before GC invocations=6 (full 0):
 def new generation   total 4928K, used 4928K [0x24800000, 0x24d50000, 0x29d50000)
  eden space 4416K, 100% used [0x24800000, 0x24c50000, 0x24c50000)
  from space 512K, 100% used [0x24c50000, 0x24cd0000, 0x24cd0000)
  to   space 512K,   0% used [0x24cd0000, 0x24cd0000, 0x24d50000)
 tenured generation   total 10944K, used 3746K [0x29d50000, 0x2a800000, 0x34800000)
   the space 10944K,  34% used [0x29d50000, 0x2a0f8b88, 0x2a0f8c00, 0x2a800000)
 compacting perm gen  total 12288K, used 1394K [0x34800000, 0x35400000, 0x38800000)
   the space 12288K,  11% used [0x34800000, 0x3495c8a8, 0x3495ca00, 0x35400000)
    ro space 10240K,  42% used [0x38800000, 0x38c3e578, 0x38c3e600, 0x39200000)
    rw space 12288K,  54% used [0x39200000, 0x3987f0e8, 0x3987f200, 0x39e00000)
Event: 28.935 GC heap after
Heap after GC invocations=7 (full 0):
 def new generation   total 4928K, used 67K [0x24800000, 0x24d50000, 0x29d50000)
  eden space 4416K,   0% used [0x24800000, 0x24800000, 0x24c50000)
  from space 512K,  13% used [0x24cd0000, 0x24ce0d38, 0x24d50000)
  to   space 512K,   0% used [0x24c50000, 0x24c50000, 0x24cd0000)
 tenured generation   total 10944K, used 4242K [0x29d50000, 0x2a800000, 0x34800000)
   the space 10944K,  38% used [0x29d50000, 0x2a174910, 0x2a174a00, 0x2a800000)
 compacting perm gen  total 12288K, used 1394K [0x34800000, 0x35400000, 0x38800000)
   the space 12288K,  11% used [0x34800000, 0x3495c8a8, 0x3495ca00, 0x35400000)
    ro space 10240K,  42% used [0x38800000, 0x38c3e578, 0x38c3e600, 0x39200000)
    rw space 12288K,  54% used [0x39200000, 0x3987f0e8, 0x3987f200, 0x39e00000)
}

