# JRE version: 7.0_04-b22
# Java VM: Java HotSpot(TM) Client VM (23.0-b21 mixed mode, sharing windows-x86 )
Heap
 def new generation   total 4928K, used 645K [0x24800000, 0x24d50000, 0x29d50000)
  eden space 4416K,   5% used [0x24800000, 0x248403e8, 0x24c50000)
  from space 512K,  75% used [0x24c50000, 0x24cb12d0, 0x24cd0000)
  to   space 512K,   0% used [0x24cd0000, 0x24cd0000, 0x24d50000)
 tenured generation   total 10944K, used 4630K [0x29d50000, 0x2a800000, 0x34800000)
   the space 10944K,  42% used [0x29d50000, 0x2a1d58e0, 0x2a1d5a00, 0x2a800000)
 compacting perm gen  total 12288K, used 3248K [0x34800000, 0x35400000, 0x38800000)
   the space 12288K,  26% used [0x34800000, 0x34b2c0e0, 0x34b2c200, 0x35400000)
    ro space 10240K,  42% used [0x38800000, 0x38c3e578, 0x38c3e600, 0x39200000)
    rw space 12288K,  54% used [0x39200000, 0x3987f0e8, 0x3987f200, 0x39e00000)
GC Heap History (8 events):
Event: 2.600 GC heap before
{Heap before GC invocations=0 (full 0):
 def new generation   total 4928K, used 4416K [0x24800000, 0x24d50000, 0x29d50000)
  eden space 4416K, 100% used [0x24800000, 0x24c50000, 0x24c50000)
  from space 512K,   0% used [0x24c50000, 0x24c50000, 0x24cd0000)
  to   space 512K,   0% used [0x24cd0000, 0x24cd0000, 0x24d50000)
 tenured generation   total 10944K, used 0K [0x29d50000, 0x2a800000, 0x34800000)
   the space 10944K,   0% used [0x29d50000, 0x29d50000, 0x29d50200, 0x2a800000)
 compacting perm gen  total 12288K, used 1980K [0x34800000, 0x35400000, 0x38800000)
   the space 12288K,  16% used [0x34800000, 0x349ef128, 0x349ef200, 0x35400000)
    ro space 10240K,  42% used [0x38800000, 0x38c3e578, 0x38c3e600, 0x39200000)
    rw space 12288K,  54% used [0x39200000, 0x3987f0e8, 0x3987f200, 0x39e00000)
Event: 2.620 GC heap after
Heap after GC invocations=1 (full 0):
 def new generation   total 4928K, used 512K [0x24800000, 0x24d50000, 0x29d50000)
  eden space 4416K,   0% used [0x24800000, 0x24800000, 0x24c50000)
  from space 512K, 100% used [0x24cd0000, 0x24d50000, 0x24d50000)
  to   space 512K,   0% used [0x24c50000, 0x24c50000, 0x24cd0000)
 tenured generation   total 10944K, used 1179K [0x29d50000, 0x2a800000, 0x34800000)
   the space 10944K,  10% used [0x29d50000, 0x29e76c60, 0x29e76e00, 0x2a800000)
 compacting perm gen  total 12288K, used 1980K [0x34800000, 0x35400000, 0x38800000)
   the space 12288K,  16% used [0x34800000, 0x349ef128, 0x349ef200, 0x35400000)
    ro space 10240K,  42% used [0x38800000, 0x38c3e578, 0x38c3e600, 0x39200000)
    rw space 12288K,  54% used [0x39200000, 0x3987f0e8, 0x3987f200, 0x39e00000)
}
Event: 25.648 GC heap before
{Heap before GC invocations=1 (full 0):
 def new generation   total 4928K, used 4363K [0x24800000, 0x24d50000, 0x29d50000)
  eden space 4416K,  87% used [0x24800000, 0x24bc2f60, 0x24c50000)
  from space 512K, 100% used [0x24cd0000, 0x24d50000, 0x24d50000)
  to   space 512K,   0% used [0x24c50000, 0x24c50000, 0x24cd0000)
 tenured generation   total 10944K, used 1179K [0x29d50000, 0x2a800000, 0x34800000)
   the space 10944K,  10% used [0x29d50000, 0x29e76c60, 0x29e76e00, 0x2a800000)
 compacting perm gen  total 12288K, used 2982K [0x34800000, 0x35400000, 0x38800000)
   the space 12288K,  24% used [0x34800000, 0x34ae9ad0, 0x34ae9c00, 0x35400000)
    ro space 10240K,  42% used [0x38800000, 0x38c3e578, 0x38c3e600, 0x39200000)
    rw space 12288K,  54% used [0x39200000, 0x3987f0e8, 0x3987f200, 0x39e00000)
Event: 25.666 GC heap after
Heap after GC invocations=2 (full 0):
 def new generation   total 4928K, used 512K [0x24800000, 0x24d50000, 0x29d50000)
  eden space 4416K,   0% used [0x24800000, 0x24800000, 0x24c50000)
  from space 512K, 100% used [0x24c50000, 0x24cd0000, 0x24cd0000)
  to   space 512K,   0% used [0x24cd0000, 0x24cd0000, 0x24d50000)
 tenured generation   total 10944K, used 2090K [0x29d50000, 0x2a800000, 0x34800000)
   the space 10944K,  19% used [0x29d50000, 0x29f5aa38, 0x29f5ac00, 0x2a800000)
 compacting perm gen  total 12288K, used 2982K [0x34800000, 0x35400000, 0x38800000)
   the space 12288K,  24% used [0x34800000, 0x34ae9ad0, 0x34ae9c00, 0x35400000)
    ro space 10240K,  42% used [0x38800000, 0x38c3e578, 0x38c3e600, 0x39200000)
    rw space 12288K,  54% used [0x39200000, 0x3987f0e8, 0x3987f200, 0x39e00000)
}
Event: 31.819 GC heap before
{Heap before GC invocations=2 (full 0):
 def new generation   total 4928K, used 2895K [0x24800000, 0x24d50000, 0x29d50000)
  eden space 4416K,  53% used [0x24800000, 0x24a53d38, 0x24c50000)
  from space 512K, 100% used [0x24c50000, 0x24cd0000, 0x24cd0000)
  to   space 512K,   0% used [0x24cd0000, 0x24cd0000, 0x24d50000)
 tenured generation   total 10944K, used 2090K [0x29d50000, 0x2a800000, 0x34800000)
   the space 10944K,  19% used [0x29d50000, 0x29f5aa38, 0x29f5ac00, 0x2a800000)
 compacting perm gen  total 12288K, used 2986K [0x34800000, 0x35400000, 0x38800000)
   the space 12288K,  24% used [0x34800000, 0x34aeaab0, 0x34aeac00, 0x35400000)
    ro space 10240K,  42% used [0x38800000, 0x38c3e578, 0x38c3e600, 0x39200000)
    rw space 12288K,  54% used [0x39200000, 0x3987f0e8, 0x3987f200, 0x39e00000)
Event: 31.831 GC heap after
Heap after GC invocations=3 (full 0):
 def new generation   total 4928K, used 14K [0x24800000, 0x24d50000, 0x29d50000)
  eden space 4416K,   0% used [0x24800000, 0x24800000, 0x24c50000)
  from space 512K,   2% used [0x24cd0000, 0x24cd38a8, 0x24d50000)
  to   space 512K,   0% used [0x24c50000, 0x24c50000, 0x24cd0000)
 tenured generation   total 10944K, used 4630K [0x29d50000, 0x2a800000, 0x34800000)
   the space 10944K,  42% used [0x29d50000, 0x2a1d58e0, 0x2a1d5a00, 0x2a800000)
 compacting perm gen  total 12288K, used 2986K [0x34800000, 0x35400000, 0x38800000)
   the space 12288K,  24% used [0x34800000, 0x34aeaab0, 0x34aeac00, 0x35400000)
    ro space 10240K,  42% used [0x38800000, 0x38c3e578, 0x38c3e600, 0x39200000)
    rw space 12288K,  54% used [0x39200000, 0x3987f0e8, 0x3987f200, 0x39e00000)
}
Event: 42.252 GC heap before
{Heap before GC invocations=3 (full 0):
 def new generation   total 4928K, used 4430K [0x24800000, 0x24d50000, 0x29d50000)
  eden space 4416K, 100% used [0x24800000, 0x24c50000, 0x24c50000)
  from space 512K,   2% used [0x24cd0000, 0x24cd38a8, 0x24d50000)
  to   space 512K,   0% used [0x24c50000, 0x24c50000, 0x24cd0000)
 tenured generation   total 10944K, used 4630K [0x29d50000, 0x2a800000, 0x34800000)
   the space 10944K,  42% used [0x29d50000, 0x2a1d58e0, 0x2a1d5a00, 0x2a800000)
 compacting perm gen  total 12288K, used 3248K [0x34800000, 0x35400000, 0x38800000)
   the space 12288K,  26% used [0x34800000, 0x34b2c0e0, 0x34b2c200, 0x35400000)
    ro space 10240K,  42% used [0x38800000, 0x38c3e578, 0x38c3e600, 0x39200000)
    rw space 12288K,  54% used [0x39200000, 0x3987f0e8, 0x3987f200, 0x39e00000)
Event: 42.259 GC heap after
Heap after GC invocations=4 (full 0):
 def new generation   total 4928K, used 388K [0x24800000, 0x24d50000, 0x29d50000)
  eden space 4416K,   0% used [0x24800000, 0x24800000, 0x24c50000)
  from space 512K,  75% used [0x24c50000, 0x24cb12d0, 0x24cd0000)
  to   space 512K,   0% used [0x24cd0000, 0x24cd0000, 0x24d50000)
 tenured generation   total 10944K, used 4630K [0x29d50000, 0x2a800000, 0x34800000)
   the space 10944K,  42% used [0x29d50000, 0x2a1d58e0, 0x2a1d5a00, 0x2a800000)
 compacting perm gen  total 12288K, used 3248K [0x34800000, 0x35400000, 0x38800000)
   the space 12288K,  26% used [0x34800000, 0x34b2c0e0, 0x34b2c200, 0x35400000)
    ro space 10240K,  42% used [0x38800000, 0x38c3e578, 0x38c3e600, 0x39200000)
    rw space 12288K,  54% used [0x39200000, 0x3987f0e8, 0x3987f200, 0x39e00000)
}

