# JRE version: 7.0_04-b22
# Java VM: Java HotSpot(TM) Client VM (23.0-b21 mixed mode, sharing windows-x86 )
Heap
 def new generation   total 4928K, used 451K [0x24800000, 0x24d50000, 0x29d50000)
  eden space 4416K,   1% used [0x24800000, 0x2480dfd0, 0x24c50000)
  from space 512K,  77% used [0x24c50000, 0x24cb2fa8, 0x24cd0000)
  to   space 512K,   0% used [0x24cd0000, 0x24cd0000, 0x24d50000)
 tenured generation   total 10944K, used 10690K [0x29d50000, 0x2a800000, 0x34800000)
   the space 10944K,  97% used [0x29d50000, 0x2a7c0a50, 0x2a7c0c00, 0x2a800000)
 compacting perm gen  total 12288K, used 7036K [0x34800000, 0x35400000, 0x38800000)
   the space 12288K,  57% used [0x34800000, 0x34edf2f8, 0x34edf400, 0x35400000)
    ro space 10240K,  42% used [0x38800000, 0x38c3e578, 0x38c3e600, 0x39200000)
    rw space 12288K,  54% used [0x39200000, 0x3987f0e8, 0x3987f200, 0x39e00000)
GC Heap History (10 events):
Event: 22.043 GC heap before
{Heap before GC invocations=3 (full 0):
 def new generation   total 4928K, used 4854K [0x24800000, 0x24d50000, 0x29d50000)
  eden space 4416K, 100% used [0x24800000, 0x24c50000, 0x24c50000)
  from space 512K,  85% used [0x24cd0000, 0x24d3d850, 0x24d50000)
  to   space 512K,   0% used [0x24c50000, 0x24c50000, 0x24cd0000)
 tenured generation   total 10944K, used 2700K [0x29d50000, 0x2a800000, 0x34800000)
   the space 10944K,  24% used [0x29d50000, 0x29ff3010, 0x29ff3200, 0x2a800000)
 compacting perm gen  total 12288K, used 5312K [0x34800000, 0x35400000, 0x38800000)
   the space 12288K,  43% used [0x34800000, 0x34d30208, 0x34d30400, 0x35400000)
    ro space 10240K,  42% used [0x38800000, 0x38c3e578, 0x38c3e600, 0x39200000)
    rw space 12288K,  54% used [0x39200000, 0x3987f0e8, 0x3987f200, 0x39e00000)
Event: 22.058 GC heap after
Heap after GC invocations=4 (full 0):
 def new generation   total 4928K, used 512K [0x24800000, 0x24d50000, 0x29d50000)
  eden space 4416K,   0% used [0x24800000, 0x24800000, 0x24c50000)
  from space 512K, 100% used [0x24c50000, 0x24cd0000, 0x24cd0000)
  to   space 512K,   0% used [0x24cd0000, 0x24cd0000, 0x24d50000)
 tenured generation   total 10944K, used 3299K [0x29d50000, 0x2a800000, 0x34800000)
   the space 10944K,  30% used [0x29d50000, 0x2a088de0, 0x2a088e00, 0x2a800000)
 compacting perm gen  total 12288K, used 5312K [0x34800000, 0x35400000, 0x38800000)
   the space 12288K,  43% used [0x34800000, 0x34d30208, 0x34d30400, 0x35400000)
    ro space 10240K,  42% used [0x38800000, 0x38c3e578, 0x38c3e600, 0x39200000)
    rw space 12288K,  54% used [0x39200000, 0x3987f0e8, 0x3987f200, 0x39e00000)
}
Event: 22.335 GC heap before
{Heap before GC invocations=4 (full 0):
 def new generation   total 4928K, used 4928K [0x24800000, 0x24d50000, 0x29d50000)
  eden space 4416K, 100% used [0x24800000, 0x24c50000, 0x24c50000)
  from space 512K, 100% used [0x24c50000, 0x24cd0000, 0x24cd0000)
  to   space 512K,   0% used [0x24cd0000, 0x24cd0000, 0x24d50000)
 tenured generation   total 10944K, used 3299K [0x29d50000, 0x2a800000, 0x34800000)
   the space 10944K,  30% used [0x29d50000, 0x2a088de0, 0x2a088e00, 0x2a800000)
 compacting perm gen  total 12288K, used 6231K [0x34800000, 0x35400000, 0x38800000)
   the space 12288K,  50% used [0x34800000, 0x34e15cb0, 0x34e15e00, 0x35400000)
    ro space 10240K,  42% used [0x38800000, 0x38c3e578, 0x38c3e600, 0x39200000)
    rw space 12288K,  54% used [0x39200000, 0x3987f0e8, 0x3987f200, 0x39e00000)
Event: 22.353 GC heap after
Heap after GC invocations=5 (full 0):
 def new generation   total 4928K, used 512K [0x24800000, 0x24d50000, 0x29d50000)
  eden space 4416K,   0% used [0x24800000, 0x24800000, 0x24c50000)
  from space 512K, 100% used [0x24cd0000, 0x24d50000, 0x24d50000)
  to   space 512K,   0% used [0x24c50000, 0x24c50000, 0x24cd0000)
 tenured generation   total 10944K, used 4178K [0x29d50000, 0x2a800000, 0x34800000)
   the space 10944K,  38% used [0x29d50000, 0x2a164ac8, 0x2a164c00, 0x2a800000)
 compacting perm gen  total 12288K, used 6231K [0x34800000, 0x35400000, 0x38800000)
   the space 12288K,  50% used [0x34800000, 0x34e15cb0, 0x34e15e00, 0x35400000)
    ro space 10240K,  42% used [0x38800000, 0x38c3e578, 0x38c3e600, 0x39200000)
    rw space 12288K,  54% used [0x39200000, 0x3987f0e8, 0x3987f200, 0x39e00000)
}
Event: 22.672 GC heap before
{Heap before GC invocations=5 (full 0):
 def new generation   total 4928K, used 4928K [0x24800000, 0x24d50000, 0x29d50000)
  eden space 4416K, 100% used [0x24800000, 0x24c50000, 0x24c50000)
  from space 512K, 100% used [0x24cd0000, 0x24d50000, 0x24d50000)
  to   space 512K,   0% used [0x24c50000, 0x24c50000, 0x24cd0000)
 tenured generation   total 10944K, used 4178K [0x29d50000, 0x2a800000, 0x34800000)
   the space 10944K,  38% used [0x29d50000, 0x2a164ac8, 0x2a164c00, 0x2a800000)
 compacting perm gen  total 12288K, used 6634K [0x34800000, 0x35400000, 0x38800000)
   the space 12288K,  53% used [0x34800000, 0x34e7aa40, 0x34e7ac00, 0x35400000)
    ro space 10240K,  42% used [0x38800000, 0x38c3e578, 0x38c3e600, 0x39200000)
    rw space 12288K,  54% used [0x39200000, 0x3987f0e8, 0x3987f200, 0x39e00000)
Event: 22.689 GC heap after
Heap after GC invocations=6 (full 0):
 def new generation   total 4928K, used 512K [0x24800000, 0x24d50000, 0x29d50000)
  eden space 4416K,   0% used [0x24800000, 0x24800000, 0x24c50000)
  from space 512K, 100% used [0x24c50000, 0x24cd0000, 0x24cd0000)
  to   space 512K,   0% used [0x24cd0000, 0x24cd0000, 0x24d50000)
 tenured generation   total 10944K, used 5241K [0x29d50000, 0x2a800000, 0x34800000)
   the space 10944K,  47% used [0x29d50000, 0x2a26e4a8, 0x2a26e600, 0x2a800000)
 compacting perm gen  total 12288K, used 6634K [0x34800000, 0x35400000, 0x38800000)
   the space 12288K,  53% used [0x34800000, 0x34e7aa40, 0x34e7ac00, 0x35400000)
    ro space 10240K,  42% used [0x38800000, 0x38c3e578, 0x38c3e600, 0x39200000)
    rw space 12288K,  54% used [0x39200000, 0x3987f0e8, 0x3987f200, 0x39e00000)
}
Event: 51.476 GC heap before
{Heap before GC invocations=6 (full 0):
 def new generation   total 4928K, used 4212K [0x24800000, 0x24d50000, 0x29d50000)
  eden space 4416K,  83% used [0x24800000, 0x24b9d388, 0x24c50000)
  from space 512K, 100% used [0x24c50000, 0x24cd0000, 0x24cd0000)
  to   space 512K,   0% used [0x24cd0000, 0x24cd0000, 0x24d50000)
 tenured generation   total 10944K, used 5241K [0x29d50000, 0x2a800000, 0x34800000)
   the space 10944K,  47% used [0x29d50000, 0x2a26e4a8, 0x2a26e600, 0x2a800000)
 compacting perm gen  total 12288K, used 7011K [0x34800000, 0x35400000, 0x38800000)
   the space 12288K,  57% used [0x34800000, 0x34ed8fe8, 0x34ed9000, 0x35400000)
    ro space 10240K,  42% used [0x38800000, 0x38c3e578, 0x38c3e600, 0x39200000)
    rw space 12288K,  54% used [0x39200000, 0x3987f0e8, 0x3987f200, 0x39e00000)
Event: 51.488 GC heap after
Heap after GC invocations=7 (full 0):
 def new generation   total 4928K, used 250K [0x24800000, 0x24d50000, 0x29d50000)
  eden space 4416K,   0% used [0x24800000, 0x24800000, 0x24c50000)
  from space 512K,  49% used [0x24cd0000, 0x24d0ebd8, 0x24d50000)
  to   space 512K,   0% used [0x24c50000, 0x24c50000, 0x24cd0000)
 tenured generation   total 10944K, used 5570K [0x29d50000, 0x2a800000, 0x34800000)
   the space 10944K,  50% used [0x29d50000, 0x2a2c0a40, 0x2a2c0c00, 0x2a800000)
 compacting perm gen  total 12288K, used 7011K [0x34800000, 0x35400000, 0x38800000)
   the space 12288K,  57% used [0x34800000, 0x34ed8fe8, 0x34ed9000, 0x35400000)
    ro space 10240K,  42% used [0x38800000, 0x38c3e578, 0x38c3e600, 0x39200000)
    rw space 12288K,  54% used [0x39200000, 0x3987f0e8, 0x3987f200, 0x39e00000)
}
Event: 65.387 GC heap before
{Heap before GC invocations=7 (full 0):
 def new generation   total 4928K, used 4666K [0x24800000, 0x24d50000, 0x29d50000)
  eden space 4416K, 100% used [0x24800000, 0x24c50000, 0x24c50000)
  from space 512K,  49% used [0x24cd0000, 0x24d0ebd8, 0x24d50000)
  to   space 512K,   0% used [0x24c50000, 0x24c50000, 0x24cd0000)
 tenured generation   total 10944K, used 10690K [0x29d50000, 0x2a800000, 0x34800000)
   the space 10944K,  97% used [0x29d50000, 0x2a7c0a50, 0x2a7c0c00, 0x2a800000)
 compacting perm gen  total 12288K, used 7036K [0x34800000, 0x35400000, 0x38800000)
   the space 12288K,  57% used [0x34800000, 0x34edf2f8, 0x34edf400, 0x35400000)
    ro space 10240K,  42% used [0x38800000, 0x38c3e578, 0x38c3e600, 0x39200000)
    rw space 12288K,  54% used [0x39200000, 0x3987f0e8, 0x3987f200, 0x39e00000)
Event: 65.393 GC heap after
Heap after GC invocations=8 (full 0):
 def new generation   total 4928K, used 395K [0x24800000, 0x24d50000, 0x29d50000)
  eden space 4416K,   0% used [0x24800000, 0x24800000, 0x24c50000)
  from space 512K,  77% used [0x24c50000, 0x24cb2fa8, 0x24cd0000)
  to   space 512K,   0% used [0x24cd0000, 0x24cd0000, 0x24d50000)
 tenured generation   total 10944K, used 10690K [0x29d50000, 0x2a800000, 0x34800000)
   the space 10944K,  97% used [0x29d50000, 0x2a7c0a50, 0x2a7c0c00, 0x2a800000)
 compacting perm gen  total 12288K, used 7036K [0x34800000, 0x35400000, 0x38800000)
   the space 12288K,  57% used [0x34800000, 0x34edf2f8, 0x34edf400, 0x35400000)
    ro space 10240K,  42% used [0x38800000, 0x38c3e578, 0x38c3e600, 0x39200000)
    rw space 12288K,  54% used [0x39200000, 0x3987f0e8, 0x3987f200, 0x39e00000)
}

