# JRE version: 7.0_04-b22
# Java VM: Java HotSpot(TM) Client VM (23.0-b21 mixed mode, sharing windows-x86 )
Heap
 def new generation   total 4928K, used 277K [0x24800000, 0x24d50000, 0x29d50000)
  eden space 4416K,   4% used [0x24800000, 0x24834fe8, 0x24c50000)
  from space 512K,  12% used [0x24cd0000, 0x24ce07c8, 0x24d50000)
  to   space 512K,   0% used [0x24c50000, 0x24c50000, 0x24cd0000)
 tenured generation   total 10944K, used 4057K [0x29d50000, 0x2a800000, 0x34800000)
   the space 10944K,  37% used [0x29d50000, 0x2a1464e8, 0x2a146600, 0x2a800000)
 compacting perm gen  total 12288K, used 1390K [0x34800000, 0x35400000, 0x38800000)
   the space 12288K,  11% used [0x34800000, 0x3495bb70, 0x3495bc00, 0x35400000)
    ro space 10240K,  42% used [0x38800000, 0x38c3e578, 0x38c3e600, 0x39200000)
    rw space 12288K,  54% used [0x39200000, 0x3987f0e8, 0x3987f200, 0x39e00000)
GC Heap History (10 events):
Event: 13.882 GC heap before
{Heap before GC invocations=2 (full 0):
 def new generation   total 4928K, used 2455K [0x24800000, 0x24d50000, 0x29d50000)
  eden space 4416K,  55% used [0x24800000, 0x24a62a58, 0x24c50000)
  from space 512K,   2% used [0x24c50000, 0x24c531a8, 0x24cd0000)
  to   space 512K,   0% used [0x24cd0000, 0x24cd0000, 0x24d50000)
 tenured generation   total 10944K, used 3325K [0x29d50000, 0x2a800000, 0x34800000)
   the space 10944K,  30% used [0x29d50000, 0x2a08f558, 0x2a08f600, 0x2a800000)
 compacting perm gen  total 12288K, used 986K [0x34800000, 0x35400000, 0x38800000)
   the space 12288K,   8% used [0x34800000, 0x348f6ae8, 0x348f6c00, 0x35400000)
    ro space 10240K,  42% used [0x38800000, 0x38c3e578, 0x38c3e600, 0x39200000)
    rw space 12288K,  54% used [0x39200000, 0x3987f0e8, 0x3987f200, 0x39e00000)
Event: 13.885 GC heap after
Heap after GC invocations=3 (full 0):
 def new generation   total 4928K, used 16K [0x24800000, 0x24d50000, 0x29d50000)
  eden space 4416K,   0% used [0x24800000, 0x24800000, 0x24c50000)
  from space 512K,   3% used [0x24cd0000, 0x24cd4210, 0x24d50000)
  to   space 512K,   0% used [0x24c50000, 0x24c50000, 0x24cd0000)
 tenured generation   total 10944K, used 3325K [0x29d50000, 0x2a800000, 0x34800000)
   the space 10944K,  30% used [0x29d50000, 0x2a08f558, 0x2a08f600, 0x2a800000)
 compacting perm gen  total 12288K, used 986K [0x34800000, 0x35400000, 0x38800000)
   the space 12288K,   8% used [0x34800000, 0x348f6ae8, 0x348f6c00, 0x35400000)
    ro space 10240K,  42% used [0x38800000, 0x38c3e578, 0x38c3e600, 0x39200000)
    rw space 12288K,  54% used [0x39200000, 0x3987f0e8, 0x3987f200, 0x39e00000)
}
Event: 18.071 GC heap before
{Heap before GC invocations=3 (full 0):
 def new generation   total 4928K, used 2488K [0x24800000, 0x24d50000, 0x29d50000)
  eden space 4416K,  55% used [0x24800000, 0x24a6a150, 0x24c50000)
  from space 512K,   3% used [0x24cd0000, 0x24cd4210, 0x24d50000)
  to   space 512K,   0% used [0x24c50000, 0x24c50000, 0x24cd0000)
 tenured generation   total 10944K, used 3325K [0x29d50000, 0x2a800000, 0x34800000)
   the space 10944K,  30% used [0x29d50000, 0x2a08f558, 0x2a08f600, 0x2a800000)
 compacting perm gen  total 12288K, used 986K [0x34800000, 0x35400000, 0x38800000)
   the space 12288K,   8% used [0x34800000, 0x348f6af8, 0x348f6c00, 0x35400000)
    ro space 10240K,  42% used [0x38800000, 0x38c3e578, 0x38c3e600, 0x39200000)
    rw space 12288K,  54% used [0x39200000, 0x3987f0e8, 0x3987f200, 0x39e00000)
Event: 18.072 GC heap after
Heap after GC invocations=4 (full 0):
 def new generation   total 4928K, used 16K [0x24800000, 0x24d50000, 0x29d50000)
  eden space 4416K,   0% used [0x24800000, 0x24800000, 0x24c50000)
  from space 512K,   3% used [0x24c50000, 0x24c54240, 0x24cd0000)
  to   space 512K,   0% used [0x24cd0000, 0x24cd0000, 0x24d50000)
 tenured generation   total 10944K, used 3325K [0x29d50000, 0x2a800000, 0x34800000)
   the space 10944K,  30% used [0x29d50000, 0x2a08f558, 0x2a08f600, 0x2a800000)
 compacting perm gen  total 12288K, used 986K [0x34800000, 0x35400000, 0x38800000)
   the space 12288K,   8% used [0x34800000, 0x348f6af8, 0x348f6c00, 0x35400000)
    ro space 10240K,  42% used [0x38800000, 0x38c3e578, 0x38c3e600, 0x39200000)
    rw space 12288K,  54% used [0x39200000, 0x3987f0e8, 0x3987f200, 0x39e00000)
}
Event: 23.545 GC heap before
{Heap before GC invocations=4 (full 0):
 def new generation   total 4928K, used 2403K [0x24800000, 0x24d50000, 0x29d50000)
  eden space 4416K,  54% used [0x24800000, 0x24a54b08, 0x24c50000)
  from space 512K,   3% used [0x24c50000, 0x24c54240, 0x24cd0000)
  to   space 512K,   0% used [0x24cd0000, 0x24cd0000, 0x24d50000)
 tenured generation   total 10944K, used 3325K [0x29d50000, 0x2a800000, 0x34800000)
   the space 10944K,  30% used [0x29d50000, 0x2a08f558, 0x2a08f600, 0x2a800000)
 compacting perm gen  total 12288K, used 986K [0x34800000, 0x35400000, 0x38800000)
   the space 12288K,   8% used [0x34800000, 0x348f6b08, 0x348f6c00, 0x35400000)
    ro space 10240K,  42% used [0x38800000, 0x38c3e578, 0x38c3e600, 0x39200000)
    rw space 12288K,  54% used [0x39200000, 0x3987f0e8, 0x3987f200, 0x39e00000)
Event: 23.547 GC heap after
Heap after GC invocations=5 (full 0):
 def new generation   total 4928K, used 16K [0x24800000, 0x24d50000, 0x29d50000)
  eden space 4416K,   0% used [0x24800000, 0x24800000, 0x24c50000)
  from space 512K,   3% used [0x24cd0000, 0x24cd4270, 0x24d50000)
  to   space 512K,   0% used [0x24c50000, 0x24c50000, 0x24cd0000)
 tenured generation   total 10944K, used 3325K [0x29d50000, 0x2a800000, 0x34800000)
   the space 10944K,  30% used [0x29d50000, 0x2a08f558, 0x2a08f600, 0x2a800000)
 compacting perm gen  total 12288K, used 986K [0x34800000, 0x35400000, 0x38800000)
   the space 12288K,   8% used [0x34800000, 0x348f6b08, 0x348f6c00, 0x35400000)
    ro space 10240K,  42% used [0x38800000, 0x38c3e578, 0x38c3e600, 0x39200000)
    rw space 12288K,  54% used [0x39200000, 0x3987f0e8, 0x3987f200, 0x39e00000)
}
Event: 30.461 GC heap before
{Heap before GC invocations=5 (full 0):
 def new generation   total 4928K, used 4432K [0x24800000, 0x24d50000, 0x29d50000)
  eden space 4416K, 100% used [0x24800000, 0x24c50000, 0x24c50000)
  from space 512K,   3% used [0x24cd0000, 0x24cd4270, 0x24d50000)
  to   space 512K,   0% used [0x24c50000, 0x24c50000, 0x24cd0000)
 tenured generation   total 10944K, used 3325K [0x29d50000, 0x2a800000, 0x34800000)
   the space 10944K,  30% used [0x29d50000, 0x2a08f558, 0x2a08f600, 0x2a800000)
 compacting perm gen  total 12288K, used 1359K [0x34800000, 0x35400000, 0x38800000)
   the space 12288K,  11% used [0x34800000, 0x34953ce8, 0x34953e00, 0x35400000)
    ro space 10240K,  42% used [0x38800000, 0x38c3e578, 0x38c3e600, 0x39200000)
    rw space 12288K,  54% used [0x39200000, 0x3987f0e8, 0x3987f200, 0x39e00000)
Event: 30.469 GC heap after
Heap after GC invocations=6 (full 0):
 def new generation   total 4928K, used 512K [0x24800000, 0x24d50000, 0x29d50000)
  eden space 4416K,   0% used [0x24800000, 0x24800000, 0x24c50000)
  from space 512K, 100% used [0x24c50000, 0x24cd0000, 0x24cd0000)
  to   space 512K,   0% used [0x24cd0000, 0x24cd0000, 0x24d50000)
 tenured generation   total 10944K, used 3562K [0x29d50000, 0x2a800000, 0x34800000)
   the space 10944K,  32% used [0x29d50000, 0x2a0ca960, 0x2a0caa00, 0x2a800000)
 compacting perm gen  total 12288K, used 1359K [0x34800000, 0x35400000, 0x38800000)
   the space 12288K,  11% used [0x34800000, 0x34953ce8, 0x34953e00, 0x35400000)
    ro space 10240K,  42% used [0x38800000, 0x38c3e578, 0x38c3e600, 0x39200000)
    rw space 12288K,  54% used [0x39200000, 0x3987f0e8, 0x3987f200, 0x39e00000)
}
Event: 31.165 GC heap before
{Heap before GC invocations=6 (full 0):
 def new generation   total 4928K, used 4928K [0x24800000, 0x24d50000, 0x29d50000)
  eden space 4416K, 100% used [0x24800000, 0x24c50000, 0x24c50000)
  from space 512K, 100% used [0x24c50000, 0x24cd0000, 0x24cd0000)
  to   space 512K,   0% used [0x24cd0000, 0x24cd0000, 0x24d50000)
 tenured generation   total 10944K, used 3562K [0x29d50000, 0x2a800000, 0x34800000)
   the space 10944K,  32% used [0x29d50000, 0x2a0ca960, 0x2a0caa00, 0x2a800000)
 compacting perm gen  total 12288K, used 1390K [0x34800000, 0x35400000, 0x38800000)
   the space 12288K,  11% used [0x34800000, 0x3495bb70, 0x3495bc00, 0x35400000)
    ro space 10240K,  42% used [0x38800000, 0x38c3e578, 0x38c3e600, 0x39200000)
    rw space 12288K,  54% used [0x39200000, 0x3987f0e8, 0x3987f200, 0x39e00000)
Event: 31.169 GC heap after
Heap after GC invocations=7 (full 0):
 def new generation   total 4928K, used 65K [0x24800000, 0x24d50000, 0x29d50000)
  eden space 4416K,   0% used [0x24800000, 0x24800000, 0x24c50000)
  from space 512K,  12% used [0x24cd0000, 0x24ce07c8, 0x24d50000)
  to   space 512K,   0% used [0x24c50000, 0x24c50000, 0x24cd0000)
 tenured generation   total 10944K, used 4057K [0x29d50000, 0x2a800000, 0x34800000)
   the space 10944K,  37% used [0x29d50000, 0x2a1464e8, 0x2a146600, 0x2a800000)
 compacting perm gen  total 12288K, used 1390K [0x34800000, 0x35400000, 0x38800000)
   the space 12288K,  11% used [0x34800000, 0x3495bb70, 0x3495bc00, 0x35400000)
    ro space 10240K,  42% used [0x38800000, 0x38c3e578, 0x38c3e600, 0x39200000)
    rw space 12288K,  54% used [0x39200000, 0x3987f0e8, 0x3987f200, 0x39e00000)
}

