# JRE version: 7.0_04-b22
# Java VM: Java HotSpot(TM) Client VM (23.0-b21 mixed mode, sharing windows-x86 )
Heap
 def new generation   total 4928K, used 59K [0x24800000, 0x24d50000, 0x29d50000)
  eden space 4416K,   0% used [0x24800000, 0x24805c80, 0x24c50000)
  from space 512K,   7% used [0x24cd0000, 0x24cd9220, 0x24d50000)
  to   space 512K,   0% used [0x24c50000, 0x24c50000, 0x24cd0000)
 tenured generation   total 10944K, used 9800K [0x29d50000, 0x2a800000, 0x34800000)
   the space 10944K,  89% used [0x29d50000, 0x2a6e2358, 0x2a6e2400, 0x2a800000)
 compacting perm gen  total 12288K, used 5388K [0x34800000, 0x35400000, 0x38800000)
   the space 12288K,  43% used [0x34800000, 0x34d43330, 0x34d43400, 0x35400000)
    ro space 10240K,  42% used [0x38800000, 0x38c3e578, 0x38c3e600, 0x39200000)
    rw space 12288K,  54% used [0x39200000, 0x3987f0e8, 0x3987f200, 0x39e00000)
GC Heap History (10 events):
Event: 324.744 GC heap before
{Heap before GC invocations=28 (full 0):
 def new generation   total 4928K, used 2760K [0x24800000, 0x24d50000, 0x29d50000)
  eden space 4416K,  61% used [0x24800000, 0x24aa3038, 0x24c50000)
  from space 512K,  11% used [0x24c50000, 0x24c5f118, 0x24cd0000)
  to   space 512K,   0% used [0x24cd0000, 0x24cd0000, 0x24d50000)
 tenured generation   total 10944K, used 9103K [0x29d50000, 0x2a800000, 0x34800000)
   the space 10944K,  83% used [0x29d50000, 0x2a633dd8, 0x2a633e00, 0x2a800000)
 compacting perm gen  total 12288K, used 5388K [0x34800000, 0x35400000, 0x38800000)
   the space 12288K,  43% used [0x34800000, 0x34d43330, 0x34d43400, 0x35400000)
    ro space 10240K,  42% used [0x38800000, 0x38c3e578, 0x38c3e600, 0x39200000)
    rw space 12288K,  54% used [0x39200000, 0x3987f0e8, 0x3987f200, 0x39e00000)
Event: 324.747 GC heap after
Heap after GC invocations=29 (full 0):
 def new generation   total 4928K, used 62K [0x24800000, 0x24d50000, 0x29d50000)
  eden space 4416K,   0% used [0x24800000, 0x24800000, 0x24c50000)
  from space 512K,  12% used [0x24cd0000, 0x24cdfb98, 0x24d50000)
  to   space 512K,   0% used [0x24c50000, 0x24c50000, 0x24cd0000)
 tenured generation   total 10944K, used 9103K [0x29d50000, 0x2a800000, 0x34800000)
   the space 10944K,  83% used [0x29d50000, 0x2a633dd8, 0x2a633e00, 0x2a800000)
 compacting perm gen  total 12288K, used 5388K [0x34800000, 0x35400000, 0x38800000)
   the space 12288K,  43% used [0x34800000, 0x34d43330, 0x34d43400, 0x35400000)
    ro space 10240K,  42% used [0x38800000, 0x38c3e578, 0x38c3e600, 0x39200000)
    rw space 12288K,  54% used [0x39200000, 0x3987f0e8, 0x3987f200, 0x39e00000)
}
Event: 327.148 GC heap before
{Heap before GC invocations=29 (full 0):
 def new generation   total 4928K, used 2738K [0x24800000, 0x24d50000, 0x29d50000)
  eden space 4416K,  60% used [0x24800000, 0x24a9cdc8, 0x24c50000)
  from space 512K,  12% used [0x24cd0000, 0x24cdfb98, 0x24d50000)
  to   space 512K,   0% used [0x24c50000, 0x24c50000, 0x24cd0000)
 tenured generation   total 10944K, used 9103K [0x29d50000, 0x2a800000, 0x34800000)
   the space 10944K,  83% used [0x29d50000, 0x2a633dd8, 0x2a633e00, 0x2a800000)
 compacting perm gen  total 12288K, used 5388K [0x34800000, 0x35400000, 0x38800000)
   the space 12288K,  43% used [0x34800000, 0x34d43330, 0x34d43400, 0x35400000)
    ro space 10240K,  42% used [0x38800000, 0x38c3e578, 0x38c3e600, 0x39200000)
    rw space 12288K,  54% used [0x39200000, 0x3987f0e8, 0x3987f200, 0x39e00000)
Event: 327.151 GC heap after
Heap after GC invocations=30 (full 0):
 def new generation   total 4928K, used 62K [0x24800000, 0x24d50000, 0x29d50000)
  eden space 4416K,   0% used [0x24800000, 0x24800000, 0x24c50000)
  from space 512K,  12% used [0x24c50000, 0x24c5fbc8, 0x24cd0000)
  to   space 512K,   0% used [0x24cd0000, 0x24cd0000, 0x24d50000)
 tenured generation   total 10944K, used 9103K [0x29d50000, 0x2a800000, 0x34800000)
   the space 10944K,  83% used [0x29d50000, 0x2a633dd8, 0x2a633e00, 0x2a800000)
 compacting perm gen  total 12288K, used 5388K [0x34800000, 0x35400000, 0x38800000)
   the space 12288K,  43% used [0x34800000, 0x34d43330, 0x34d43400, 0x35400000)
    ro space 10240K,  42% used [0x38800000, 0x38c3e578, 0x38c3e600, 0x39200000)
    rw space 12288K,  54% used [0x39200000, 0x3987f0e8, 0x3987f200, 0x39e00000)
}
Event: 332.364 GC heap before
{Heap before GC invocations=30 (full 0):
 def new generation   total 4928K, used 2743K [0x24800000, 0x24d50000, 0x29d50000)
  eden space 4416K,  60% used [0x24800000, 0x24a9e308, 0x24c50000)
  from space 512K,  12% used [0x24c50000, 0x24c5fbc8, 0x24cd0000)
  to   space 512K,   0% used [0x24cd0000, 0x24cd0000, 0x24d50000)
 tenured generation   total 10944K, used 9103K [0x29d50000, 0x2a800000, 0x34800000)
   the space 10944K,  83% used [0x29d50000, 0x2a633dd8, 0x2a633e00, 0x2a800000)
 compacting perm gen  total 12288K, used 5388K [0x34800000, 0x35400000, 0x38800000)
   the space 12288K,  43% used [0x34800000, 0x34d43330, 0x34d43400, 0x35400000)
    ro space 10240K,  42% used [0x38800000, 0x38c3e578, 0x38c3e600, 0x39200000)
    rw space 12288K,  54% used [0x39200000, 0x3987f0e8, 0x3987f200, 0x39e00000)
Event: 332.367 GC heap after
Heap after GC invocations=31 (full 0):
 def new generation   total 4928K, used 63K [0x24800000, 0x24d50000, 0x29d50000)
  eden space 4416K,   0% used [0x24800000, 0x24800000, 0x24c50000)
  from space 512K,  12% used [0x24cd0000, 0x24cdfca8, 0x24d50000)
  to   space 512K,   0% used [0x24c50000, 0x24c50000, 0x24cd0000)
 tenured generation   total 10944K, used 9103K [0x29d50000, 0x2a800000, 0x34800000)
   the space 10944K,  83% used [0x29d50000, 0x2a633dd8, 0x2a633e00, 0x2a800000)
 compacting perm gen  total 12288K, used 5388K [0x34800000, 0x35400000, 0x38800000)
   the space 12288K,  43% used [0x34800000, 0x34d43330, 0x34d43400, 0x35400000)
    ro space 10240K,  42% used [0x38800000, 0x38c3e578, 0x38c3e600, 0x39200000)
    rw space 12288K,  54% used [0x39200000, 0x3987f0e8, 0x3987f200, 0x39e00000)
}
Event: 336.059 GC heap before
{Heap before GC invocations=31 (full 0):
 def new generation   total 4928K, used 4475K [0x24800000, 0x24d50000, 0x29d50000)
  eden space 4416K,  99% used [0x24800000, 0x24c4f350, 0x24c50000)
  from space 512K,  12% used [0x24cd0000, 0x24cdfca8, 0x24d50000)
  to   space 512K,   0% used [0x24c50000, 0x24c50000, 0x24cd0000)
 tenured generation   total 10944K, used 9103K [0x29d50000, 0x2a800000, 0x34800000)
   the space 10944K,  83% used [0x29d50000, 0x2a633dd8, 0x2a633e00, 0x2a800000)
 compacting perm gen  total 12288K, used 5388K [0x34800000, 0x35400000, 0x38800000)
   the space 12288K,  43% used [0x34800000, 0x34d43330, 0x34d43400, 0x35400000)
    ro space 10240K,  42% used [0x38800000, 0x38c3e578, 0x38c3e600, 0x39200000)
    rw space 12288K,  54% used [0x39200000, 0x3987f0e8, 0x3987f200, 0x39e00000)
Event: 336.062 GC heap after
Heap after GC invocations=32 (full 0):
 def new generation   total 4928K, used 478K [0x24800000, 0x24d50000, 0x29d50000)
  eden space 4416K,   0% used [0x24800000, 0x24800000, 0x24c50000)
  from space 512K,  93% used [0x24c50000, 0x24cc7a00, 0x24cd0000)
  to   space 512K,   0% used [0x24cd0000, 0x24cd0000, 0x24d50000)
 tenured generation   total 10944K, used 9345K [0x29d50000, 0x2a800000, 0x34800000)
   the space 10944K,  85% used [0x29d50000, 0x2a670488, 0x2a670600, 0x2a800000)
 compacting perm gen  total 12288K, used 5388K [0x34800000, 0x35400000, 0x38800000)
   the space 12288K,  43% used [0x34800000, 0x34d43330, 0x34d43400, 0x35400000)
    ro space 10240K,  42% used [0x38800000, 0x38c3e578, 0x38c3e600, 0x39200000)
    rw space 12288K,  54% used [0x39200000, 0x3987f0e8, 0x3987f200, 0x39e00000)
}
Event: 336.730 GC heap before
{Heap before GC invocations=32 (full 0):
 def new generation   total 4928K, used 4894K [0x24800000, 0x24d50000, 0x29d50000)
  eden space 4416K, 100% used [0x24800000, 0x24c50000, 0x24c50000)
  from space 512K,  93% used [0x24c50000, 0x24cc7a00, 0x24cd0000)
  to   space 512K,   0% used [0x24cd0000, 0x24cd0000, 0x24d50000)
 tenured generation   total 10944K, used 9345K [0x29d50000, 0x2a800000, 0x34800000)
   the space 10944K,  85% used [0x29d50000, 0x2a670488, 0x2a670600, 0x2a800000)
 compacting perm gen  total 12288K, used 5388K [0x34800000, 0x35400000, 0x38800000)
   the space 12288K,  43% used [0x34800000, 0x34d43330, 0x34d43400, 0x35400000)
    ro space 10240K,  42% used [0x38800000, 0x38c3e578, 0x38c3e600, 0x39200000)
    rw space 12288K,  54% used [0x39200000, 0x3987f0e8, 0x3987f200, 0x39e00000)
Event: 336.733 GC heap after
Heap after GC invocations=33 (full 0):
 def new generation   total 4928K, used 36K [0x24800000, 0x24d50000, 0x29d50000)
  eden space 4416K,   0% used [0x24800000, 0x24800000, 0x24c50000)
  from space 512K,   7% used [0x24cd0000, 0x24cd9220, 0x24d50000)
  to   space 512K,   0% used [0x24c50000, 0x24c50000, 0x24cd0000)
 tenured generation   total 10944K, used 9800K [0x29d50000, 0x2a800000, 0x34800000)
   the space 10944K,  89% used [0x29d50000, 0x2a6e2358, 0x2a6e2400, 0x2a800000)
 compacting perm gen  total 12288K, used 5388K [0x34800000, 0x35400000, 0x38800000)
   the space 12288K,  43% used [0x34800000, 0x34d43330, 0x34d43400, 0x35400000)
    ro space 10240K,  42% used [0x38800000, 0x38c3e578, 0x38c3e600, 0x39200000)
    rw space 12288K,  54% used [0x39200000, 0x3987f0e8, 0x3987f200, 0x39e00000)
}

