# JRE version: 7.0_04-b22
# Java VM: Java HotSpot(TM) Client VM (23.0-b21 mixed mode, sharing windows-x86 )
Heap
 def new generation   total 4928K, used 428K [0x24800000, 0x24d50000, 0x29d50000)
  eden space 4416K,   3% used [0x24800000, 0x24826f60, 0x24c50000)
  from space 512K,  53% used [0x24cd0000, 0x24d14268, 0x24d50000)
  to   space 512K,   0% used [0x24c50000, 0x24c50000, 0x24cd0000)
 tenured generation   total 10944K, used 5818K [0x29d50000, 0x2a800000, 0x34800000)
   the space 10944K,  53% used [0x29d50000, 0x2a2fea20, 0x2a2fec00, 0x2a800000)
 compacting perm gen  total 12288K, used 7507K [0x34800000, 0x35400000, 0x38800000)
   the space 12288K,  61% used [0x34800000, 0x34f54eb0, 0x34f55000, 0x35400000)
    ro space 10240K,  42% used [0x38800000, 0x38c3e578, 0x38c3e600, 0x39200000)
    rw space 12288K,  54% used [0x39200000, 0x3987f0e8, 0x3987f200, 0x39e00000)
GC Heap History (10 events):
Event: 46.417 GC heap before
{Heap before GC invocations=6 (full 0):
 def new generation   total 4928K, used 4695K [0x24800000, 0x24d50000, 0x29d50000)
  eden space 4416K, 100% used [0x24800000, 0x24c50000, 0x24c50000)
  from space 512K,  54% used [0x24c50000, 0x24c95e10, 0x24cd0000)
  to   space 512K,   0% used [0x24cd0000, 0x24cd0000, 0x24d50000)
 tenured generation   total 10944K, used 2748K [0x29d50000, 0x2a800000, 0x34800000)
   the space 10944K,  25% used [0x29d50000, 0x29fff0b0, 0x29fff200, 0x2a800000)
 compacting perm gen  total 12288K, used 5409K [0x34800000, 0x35400000, 0x38800000)
   the space 12288K,  44% used [0x34800000, 0x34d484b0, 0x34d48600, 0x35400000)
    ro space 10240K,  42% used [0x38800000, 0x38c3e578, 0x38c3e600, 0x39200000)
    rw space 12288K,  54% used [0x39200000, 0x3987f0e8, 0x3987f200, 0x39e00000)
Event: 46.429 GC heap after
Heap after GC invocations=7 (full 0):
 def new generation   total 4928K, used 512K [0x24800000, 0x24d50000, 0x29d50000)
  eden space 4416K,   0% used [0x24800000, 0x24800000, 0x24c50000)
  from space 512K, 100% used [0x24cd0000, 0x24d50000, 0x24d50000)
  to   space 512K,   0% used [0x24c50000, 0x24c50000, 0x24cd0000)
 tenured generation   total 10944K, used 3216K [0x29d50000, 0x2a800000, 0x34800000)
   the space 10944K,  29% used [0x29d50000, 0x2a074240, 0x2a074400, 0x2a800000)
 compacting perm gen  total 12288K, used 5409K [0x34800000, 0x35400000, 0x38800000)
   the space 12288K,  44% used [0x34800000, 0x34d484b0, 0x34d48600, 0x35400000)
    ro space 10240K,  42% used [0x38800000, 0x38c3e578, 0x38c3e600, 0x39200000)
    rw space 12288K,  54% used [0x39200000, 0x3987f0e8, 0x3987f200, 0x39e00000)
}
Event: 46.711 GC heap before
{Heap before GC invocations=7 (full 0):
 def new generation   total 4928K, used 4928K [0x24800000, 0x24d50000, 0x29d50000)
  eden space 4416K, 100% used [0x24800000, 0x24c50000, 0x24c50000)
  from space 512K, 100% used [0x24cd0000, 0x24d50000, 0x24d50000)
  to   space 512K,   0% used [0x24c50000, 0x24c50000, 0x24cd0000)
 tenured generation   total 10944K, used 3216K [0x29d50000, 0x2a800000, 0x34800000)
   the space 10944K,  29% used [0x29d50000, 0x2a074240, 0x2a074400, 0x2a800000)
 compacting perm gen  total 12288K, used 6176K [0x34800000, 0x35400000, 0x38800000)
   the space 12288K,  50% used [0x34800000, 0x34e08010, 0x34e08200, 0x35400000)
    ro space 10240K,  42% used [0x38800000, 0x38c3e578, 0x38c3e600, 0x39200000)
    rw space 12288K,  54% used [0x39200000, 0x3987f0e8, 0x3987f200, 0x39e00000)
Event: 46.730 GC heap after
Heap after GC invocations=8 (full 0):
 def new generation   total 4928K, used 512K [0x24800000, 0x24d50000, 0x29d50000)
  eden space 4416K,   0% used [0x24800000, 0x24800000, 0x24c50000)
  from space 512K, 100% used [0x24c50000, 0x24cd0000, 0x24cd0000)
  to   space 512K,   0% used [0x24cd0000, 0x24cd0000, 0x24d50000)
 tenured generation   total 10944K, used 4256K [0x29d50000, 0x2a800000, 0x34800000)
   the space 10944K,  38% used [0x29d50000, 0x2a178318, 0x2a178400, 0x2a800000)
 compacting perm gen  total 12288K, used 6176K [0x34800000, 0x35400000, 0x38800000)
   the space 12288K,  50% used [0x34800000, 0x34e08010, 0x34e08200, 0x35400000)
    ro space 10240K,  42% used [0x38800000, 0x38c3e578, 0x38c3e600, 0x39200000)
    rw space 12288K,  54% used [0x39200000, 0x3987f0e8, 0x3987f200, 0x39e00000)
}
Event: 46.983 GC heap before
{Heap before GC invocations=8 (full 0):
 def new generation   total 4928K, used 4928K [0x24800000, 0x24d50000, 0x29d50000)
  eden space 4416K, 100% used [0x24800000, 0x24c50000, 0x24c50000)
  from space 512K, 100% used [0x24c50000, 0x24cd0000, 0x24cd0000)
  to   space 512K,   0% used [0x24cd0000, 0x24cd0000, 0x24d50000)
 tenured generation   total 10944K, used 4256K [0x29d50000, 0x2a800000, 0x34800000)
   the space 10944K,  38% used [0x29d50000, 0x2a178318, 0x2a178400, 0x2a800000)
 compacting perm gen  total 12288K, used 6559K [0x34800000, 0x35400000, 0x38800000)
   the space 12288K,  53% used [0x34800000, 0x34e67c18, 0x34e67e00, 0x35400000)
    ro space 10240K,  42% used [0x38800000, 0x38c3e578, 0x38c3e600, 0x39200000)
    rw space 12288K,  54% used [0x39200000, 0x3987f0e8, 0x3987f200, 0x39e00000)
Event: 47.003 GC heap after
Heap after GC invocations=9 (full 0):
 def new generation   total 4928K, used 512K [0x24800000, 0x24d50000, 0x29d50000)
  eden space 4416K,   0% used [0x24800000, 0x24800000, 0x24c50000)
  from space 512K, 100% used [0x24cd0000, 0x24d50000, 0x24d50000)
  to   space 512K,   0% used [0x24c50000, 0x24c50000, 0x24cd0000)
 tenured generation   total 10944K, used 5320K [0x29d50000, 0x2a800000, 0x34800000)
   the space 10944K,  48% used [0x29d50000, 0x2a282068, 0x2a282200, 0x2a800000)
 compacting perm gen  total 12288K, used 6559K [0x34800000, 0x35400000, 0x38800000)
   the space 12288K,  53% used [0x34800000, 0x34e67c18, 0x34e67e00, 0x35400000)
    ro space 10240K,  42% used [0x38800000, 0x38c3e578, 0x38c3e600, 0x39200000)
    rw space 12288K,  54% used [0x39200000, 0x3987f0e8, 0x3987f200, 0x39e00000)
}
Event: 49.707 GC heap before
{Heap before GC invocations=9 (full 0):
 def new generation   total 4928K, used 4928K [0x24800000, 0x24d50000, 0x29d50000)
  eden space 4416K, 100% used [0x24800000, 0x24c50000, 0x24c50000)
  from space 512K, 100% used [0x24cd0000, 0x24d50000, 0x24d50000)
  to   space 512K,   0% used [0x24c50000, 0x24c50000, 0x24cd0000)
 tenured generation   total 10944K, used 5320K [0x29d50000, 0x2a800000, 0x34800000)
   the space 10944K,  48% used [0x29d50000, 0x2a282068, 0x2a282200, 0x2a800000)
 compacting perm gen  total 12288K, used 7479K [0x34800000, 0x35400000, 0x38800000)
   the space 12288K,  60% used [0x34800000, 0x34f4dd60, 0x34f4de00, 0x35400000)
    ro space 10240K,  42% used [0x38800000, 0x38c3e578, 0x38c3e600, 0x39200000)
    rw space 12288K,  54% used [0x39200000, 0x3987f0e8, 0x3987f200, 0x39e00000)
Event: 49.720 GC heap after
Heap after GC invocations=10 (full 0):
 def new generation   total 4928K, used 273K [0x24800000, 0x24d50000, 0x29d50000)
  eden space 4416K,   0% used [0x24800000, 0x24800000, 0x24c50000)
  from space 512K,  53% used [0x24c50000, 0x24c94748, 0x24cd0000)
  to   space 512K,   0% used [0x24cd0000, 0x24cd0000, 0x24d50000)
 tenured generation   total 10944K, used 5647K [0x29d50000, 0x2a800000, 0x34800000)
   the space 10944K,  51% used [0x29d50000, 0x2a2d3d48, 0x2a2d3e00, 0x2a800000)
 compacting perm gen  total 12288K, used 7479K [0x34800000, 0x35400000, 0x38800000)
   the space 12288K,  60% used [0x34800000, 0x34f4dd60, 0x34f4de00, 0x35400000)
    ro space 10240K,  42% used [0x38800000, 0x38c3e578, 0x38c3e600, 0x39200000)
    rw space 12288K,  54% used [0x39200000, 0x3987f0e8, 0x3987f200, 0x39e00000)
}
Event: 51.465 GC heap before
{Heap before GC invocations=10 (full 0):
 def new generation   total 4928K, used 4689K [0x24800000, 0x24d50000, 0x29d50000)
  eden space 4416K, 100% used [0x24800000, 0x24c50000, 0x24c50000)
  from space 512K,  53% used [0x24c50000, 0x24c94748, 0x24cd0000)
  to   space 512K,   0% used [0x24cd0000, 0x24cd0000, 0x24d50000)
 tenured generation   total 10944K, used 5647K [0x29d50000, 0x2a800000, 0x34800000)
   the space 10944K,  51% used [0x29d50000, 0x2a2d3d48, 0x2a2d3e00, 0x2a800000)
 compacting perm gen  total 12288K, used 7501K [0x34800000, 0x35400000, 0x38800000)
   the space 12288K,  61% used [0x34800000, 0x34f53588, 0x34f53600, 0x35400000)
    ro space 10240K,  42% used [0x38800000, 0x38c3e578, 0x38c3e600, 0x39200000)
    rw space 12288K,  54% used [0x39200000, 0x3987f0e8, 0x3987f200, 0x39e00000)
Event: 51.471 GC heap after
Heap after GC invocations=11 (full 0):
 def new generation   total 4928K, used 272K [0x24800000, 0x24d50000, 0x29d50000)
  eden space 4416K,   0% used [0x24800000, 0x24800000, 0x24c50000)
  from space 512K,  53% used [0x24cd0000, 0x24d14268, 0x24d50000)
  to   space 512K,   0% used [0x24c50000, 0x24c50000, 0x24cd0000)
 tenured generation   total 10944K, used 5818K [0x29d50000, 0x2a800000, 0x34800000)
   the space 10944K,  53% used [0x29d50000, 0x2a2fea20, 0x2a2fec00, 0x2a800000)
 compacting perm gen  total 12288K, used 7501K [0x34800000, 0x35400000, 0x38800000)
   the space 12288K,  61% used [0x34800000, 0x34f53588, 0x34f53600, 0x35400000)
    ro space 10240K,  42% used [0x38800000, 0x38c3e578, 0x38c3e600, 0x39200000)
    rw space 12288K,  54% used [0x39200000, 0x3987f0e8, 0x3987f200, 0x39e00000)
}

