# JRE version: 7.0_04-b22
# Java VM: Java HotSpot(TM) Client VM (23.0-b21 mixed mode, sharing windows-x86 )
Heap
 def new generation   total 4928K, used 486K [0x24800000, 0x24d50000, 0x29d50000)
  eden space 4416K,   3% used [0x24800000, 0x2482aec8, 0x24c50000)
  from space 512K,  61% used [0x24c50000, 0x24c9ebe8, 0x24cd0000)
  to   space 512K,   0% used [0x24cd0000, 0x24cd0000, 0x24d50000)
 tenured generation   total 10944K, used 2900K [0x29d50000, 0x2a800000, 0x34800000)
   the space 10944K,  26% used [0x29d50000, 0x2a025100, 0x2a025200, 0x2a800000)
 compacting perm gen  total 12288K, used 3796K [0x34800000, 0x35400000, 0x38800000)
   the space 12288K,  30% used [0x34800000, 0x34bb5050, 0x34bb5200, 0x35400000)
    ro space 10240K,  42% used [0x38800000, 0x38c3e578, 0x38c3e600, 0x39200000)
    rw space 12288K,  54% used [0x39200000, 0x3987f0e8, 0x3987f200, 0x39e00000)
GC Heap History (8 events):
Event: 2.255 GC heap before
{Heap before GC invocations=0 (full 0):
 def new generation   total 4928K, used 4416K [0x24800000, 0x24d50000, 0x29d50000)
  eden space 4416K, 100% used [0x24800000, 0x24c50000, 0x24c50000)
  from space 512K,   0% used [0x24c50000, 0x24c50000, 0x24cd0000)
  to   space 512K,   0% used [0x24cd0000, 0x24cd0000, 0x24d50000)
 tenured generation   total 10944K, used 0K [0x29d50000, 0x2a800000, 0x34800000)
   the space 10944K,   0% used [0x29d50000, 0x29d50000, 0x29d50200, 0x2a800000)
 compacting perm gen  total 12288K, used 2085K [0x34800000, 0x35400000, 0x38800000)
   the space 12288K,  16% used [0x34800000, 0x34a09670, 0x34a09800, 0x35400000)
    ro space 10240K,  42% used [0x38800000, 0x38c3e578, 0x38c3e600, 0x39200000)
    rw space 12288K,  54% used [0x39200000, 0x3987f0e8, 0x3987f200, 0x39e00000)
Event: 2.278 GC heap after
Heap after GC invocations=1 (full 0):
 def new generation   total 4928K, used 512K [0x24800000, 0x24d50000, 0x29d50000)
  eden space 4416K,   0% used [0x24800000, 0x24800000, 0x24c50000)
  from space 512K, 100% used [0x24cd0000, 0x24d50000, 0x24d50000)
  to   space 512K,   0% used [0x24c50000, 0x24c50000, 0x24cd0000)
 tenured generation   total 10944K, used 1118K [0x29d50000, 0x2a800000, 0x34800000)
   the space 10944K,  10% used [0x29d50000, 0x29e67a38, 0x29e67c00, 0x2a800000)
 compacting perm gen  total 12288K, used 2085K [0x34800000, 0x35400000, 0x38800000)
   the space 12288K,  16% used [0x34800000, 0x34a09670, 0x34a09800, 0x35400000)
    ro space 10240K,  42% used [0x38800000, 0x38c3e578, 0x38c3e600, 0x39200000)
    rw space 12288K,  54% used [0x39200000, 0x3987f0e8, 0x3987f200, 0x39e00000)
}
Event: 2.931 GC heap before
{Heap before GC invocations=1 (full 0):
 def new generation   total 4928K, used 4928K [0x24800000, 0x24d50000, 0x29d50000)
  eden space 4416K, 100% used [0x24800000, 0x24c50000, 0x24c50000)
  from space 512K, 100% used [0x24cd0000, 0x24d50000, 0x24d50000)
  to   space 512K,   0% used [0x24c50000, 0x24c50000, 0x24cd0000)
 tenured generation   total 10944K, used 1118K [0x29d50000, 0x2a800000, 0x34800000)
   the space 10944K,  10% used [0x29d50000, 0x29e67a38, 0x29e67c00, 0x2a800000)
 compacting perm gen  total 12288K, used 3277K [0x34800000, 0x35400000, 0x38800000)
   the space 12288K,  26% used [0x34800000, 0x34b337c0, 0x34b33800, 0x35400000)
    ro space 10240K,  42% used [0x38800000, 0x38c3e578, 0x38c3e600, 0x39200000)
    rw space 12288K,  54% used [0x39200000, 0x3987f0e8, 0x3987f200, 0x39e00000)
Event: 2.949 GC heap after
Heap after GC invocations=2 (full 0):
 def new generation   total 4928K, used 512K [0x24800000, 0x24d50000, 0x29d50000)
  eden space 4416K,   0% used [0x24800000, 0x24800000, 0x24c50000)
  from space 512K, 100% used [0x24c50000, 0x24cd0000, 0x24cd0000)
  to   space 512K,   0% used [0x24cd0000, 0x24cd0000, 0x24d50000)
 tenured generation   total 10944K, used 2197K [0x29d50000, 0x2a800000, 0x34800000)
   the space 10944K,  20% used [0x29d50000, 0x29f75798, 0x29f75800, 0x2a800000)
 compacting perm gen  total 12288K, used 3277K [0x34800000, 0x35400000, 0x38800000)
   the space 12288K,  26% used [0x34800000, 0x34b337c0, 0x34b33800, 0x35400000)
    ro space 10240K,  42% used [0x38800000, 0x38c3e578, 0x38c3e600, 0x39200000)
    rw space 12288K,  54% used [0x39200000, 0x3987f0e8, 0x3987f200, 0x39e00000)
}
Event: 37.346 GC heap before
{Heap before GC invocations=2 (full 0):
 def new generation   total 4928K, used 4928K [0x24800000, 0x24d50000, 0x29d50000)
  eden space 4416K, 100% used [0x24800000, 0x24c50000, 0x24c50000)
  from space 512K, 100% used [0x24c50000, 0x24cd0000, 0x24cd0000)
  to   space 512K,   0% used [0x24cd0000, 0x24cd0000, 0x24d50000)
 tenured generation   total 10944K, used 2197K [0x29d50000, 0x2a800000, 0x34800000)
   the space 10944K,  20% used [0x29d50000, 0x29f75798, 0x29f75800, 0x2a800000)
 compacting perm gen  total 12288K, used 3538K [0x34800000, 0x35400000, 0x38800000)
   the space 12288K,  28% used [0x34800000, 0x34b74b40, 0x34b74c00, 0x35400000)
    ro space 10240K,  42% used [0x38800000, 0x38c3e578, 0x38c3e600, 0x39200000)
    rw space 12288K,  54% used [0x39200000, 0x3987f0e8, 0x3987f200, 0x39e00000)
Event: 37.360 GC heap after
Heap after GC invocations=3 (full 0):
 def new generation   total 4928K, used 289K [0x24800000, 0x24d50000, 0x29d50000)
  eden space 4416K,   0% used [0x24800000, 0x24800000, 0x24c50000)
  from space 512K,  56% used [0x24cd0000, 0x24d186b0, 0x24d50000)
  to   space 512K,   0% used [0x24c50000, 0x24c50000, 0x24cd0000)
 tenured generation   total 10944K, used 2698K [0x29d50000, 0x2a800000, 0x34800000)
   the space 10944K,  24% used [0x29d50000, 0x29ff2bd0, 0x29ff2c00, 0x2a800000)
 compacting perm gen  total 12288K, used 3538K [0x34800000, 0x35400000, 0x38800000)
   the space 12288K,  28% used [0x34800000, 0x34b74b40, 0x34b74c00, 0x35400000)
    ro space 10240K,  42% used [0x38800000, 0x38c3e578, 0x38c3e600, 0x39200000)
    rw space 12288K,  54% used [0x39200000, 0x3987f0e8, 0x3987f200, 0x39e00000)
}
Event: 43.211 GC heap before
{Heap before GC invocations=3 (full 0):
 def new generation   total 4928K, used 4704K [0x24800000, 0x24d50000, 0x29d50000)
  eden space 4416K,  99% used [0x24800000, 0x24c4fc68, 0x24c50000)
  from space 512K,  56% used [0x24cd0000, 0x24d186b0, 0x24d50000)
  to   space 512K,   0% used [0x24c50000, 0x24c50000, 0x24cd0000)
 tenured generation   total 10944K, used 2698K [0x29d50000, 0x2a800000, 0x34800000)
   the space 10944K,  24% used [0x29d50000, 0x29ff2bd0, 0x29ff2c00, 0x2a800000)
 compacting perm gen  total 12288K, used 3796K [0x34800000, 0x35400000, 0x38800000)
   the space 12288K,  30% used [0x34800000, 0x34bb5050, 0x34bb5200, 0x35400000)
    ro space 10240K,  42% used [0x38800000, 0x38c3e578, 0x38c3e600, 0x39200000)
    rw space 12288K,  54% used [0x39200000, 0x3987f0e8, 0x3987f200, 0x39e00000)
Event: 43.219 GC heap after
Heap after GC invocations=4 (full 0):
 def new generation   total 4928K, used 314K [0x24800000, 0x24d50000, 0x29d50000)
  eden space 4416K,   0% used [0x24800000, 0x24800000, 0x24c50000)
  from space 512K,  61% used [0x24c50000, 0x24c9ebe8, 0x24cd0000)
  to   space 512K,   0% used [0x24cd0000, 0x24cd0000, 0x24d50000)
 tenured generation   total 10944K, used 2900K [0x29d50000, 0x2a800000, 0x34800000)
   the space 10944K,  26% used [0x29d50000, 0x2a025100, 0x2a025200, 0x2a800000)
 compacting perm gen  total 12288K, used 3796K [0x34800000, 0x35400000, 0x38800000)
   the space 12288K,  30% used [0x34800000, 0x34bb5050, 0x34bb5200, 0x35400000)
    ro space 10240K,  42% used [0x38800000, 0x38c3e578, 0x38c3e600, 0x39200000)
    rw space 12288K,  54% used [0x39200000, 0x3987f0e8, 0x3987f200, 0x39e00000)
}

