# JRE version: 7.0_04-b22
# Java VM: Java HotSpot(TM) Client VM (23.0-b21 mixed mode, sharing windows-x86 )
Heap
 def new generation   total 4928K, used 464K [0x24800000, 0x24d50000, 0x29d50000)
  eden space 4416K,   3% used [0x24800000, 0x248286a8, 0x24c50000)
  from space 512K,  59% used [0x24cd0000, 0x24d1bb58, 0x24d50000)
  to   space 512K,   0% used [0x24c50000, 0x24c50000, 0x24cd0000)
 tenured generation   total 10944K, used 8059K [0x29d50000, 0x2a800000, 0x34800000)
   the space 10944K,  73% used [0x29d50000, 0x2a52ee68, 0x2a52f000, 0x2a800000)
 compacting perm gen  total 12288K, used 3846K [0x34800000, 0x35400000, 0x38800000)
   the space 12288K,  31% used [0x34800000, 0x34bc1b50, 0x34bc1c00, 0x35400000)
    ro space 10240K,  42% used [0x38800000, 0x38c3e578, 0x38c3e600, 0x39200000)
    rw space 12288K,  54% used [0x39200000, 0x3987f0e8, 0x3987f200, 0x39e00000)
GC Heap History (10 events):
Event: 2.047 GC heap before
{Heap before GC invocations=0 (full 0):
 def new generation   total 4928K, used 4416K [0x24800000, 0x24d50000, 0x29d50000)
  eden space 4416K, 100% used [0x24800000, 0x24c50000, 0x24c50000)
  from space 512K,   0% used [0x24c50000, 0x24c50000, 0x24cd0000)
  to   space 512K,   0% used [0x24cd0000, 0x24cd0000, 0x24d50000)
 tenured generation   total 10944K, used 0K [0x29d50000, 0x2a800000, 0x34800000)
   the space 10944K,   0% used [0x29d50000, 0x29d50000, 0x29d50200, 0x2a800000)
 compacting perm gen  total 12288K, used 2085K [0x34800000, 0x35400000, 0x38800000)
   the space 12288K,  16% used [0x34800000, 0x34a096f8, 0x34a09800, 0x35400000)
    ro space 10240K,  42% used [0x38800000, 0x38c3e578, 0x38c3e600, 0x39200000)
    rw space 12288K,  54% used [0x39200000, 0x3987f0e8, 0x3987f200, 0x39e00000)
Event: 2.070 GC heap after
Heap after GC invocations=1 (full 0):
 def new generation   total 4928K, used 512K [0x24800000, 0x24d50000, 0x29d50000)
  eden space 4416K,   0% used [0x24800000, 0x24800000, 0x24c50000)
  from space 512K, 100% used [0x24cd0000, 0x24d50000, 0x24d50000)
  to   space 512K,   0% used [0x24c50000, 0x24c50000, 0x24cd0000)
 tenured generation   total 10944K, used 1108K [0x29d50000, 0x2a800000, 0x34800000)
   the space 10944K,  10% used [0x29d50000, 0x29e651e0, 0x29e65200, 0x2a800000)
 compacting perm gen  total 12288K, used 2085K [0x34800000, 0x35400000, 0x38800000)
   the space 12288K,  16% used [0x34800000, 0x34a096f8, 0x34a09800, 0x35400000)
    ro space 10240K,  42% used [0x38800000, 0x38c3e578, 0x38c3e600, 0x39200000)
    rw space 12288K,  54% used [0x39200000, 0x3987f0e8, 0x3987f200, 0x39e00000)
}
Event: 2.695 GC heap before
{Heap before GC invocations=1 (full 0):
 def new generation   total 4928K, used 4928K [0x24800000, 0x24d50000, 0x29d50000)
  eden space 4416K, 100% used [0x24800000, 0x24c50000, 0x24c50000)
  from space 512K, 100% used [0x24cd0000, 0x24d50000, 0x24d50000)
  to   space 512K,   0% used [0x24c50000, 0x24c50000, 0x24cd0000)
 tenured generation   total 10944K, used 1108K [0x29d50000, 0x2a800000, 0x34800000)
   the space 10944K,  10% used [0x29d50000, 0x29e651e0, 0x29e65200, 0x2a800000)
 compacting perm gen  total 12288K, used 3273K [0x34800000, 0x35400000, 0x38800000)
   the space 12288K,  26% used [0x34800000, 0x34b32710, 0x34b32800, 0x35400000)
    ro space 10240K,  42% used [0x38800000, 0x38c3e578, 0x38c3e600, 0x39200000)
    rw space 12288K,  54% used [0x39200000, 0x3987f0e8, 0x3987f200, 0x39e00000)
Event: 2.717 GC heap after
Heap after GC invocations=2 (full 0):
 def new generation   total 4928K, used 512K [0x24800000, 0x24d50000, 0x29d50000)
  eden space 4416K,   0% used [0x24800000, 0x24800000, 0x24c50000)
  from space 512K, 100% used [0x24c50000, 0x24cd0000, 0x24cd0000)
  to   space 512K,   0% used [0x24cd0000, 0x24cd0000, 0x24d50000)
 tenured generation   total 10944K, used 2276K [0x29d50000, 0x2a800000, 0x34800000)
   the space 10944K,  20% used [0x29d50000, 0x29f89100, 0x29f89200, 0x2a800000)
 compacting perm gen  total 12288K, used 3273K [0x34800000, 0x35400000, 0x38800000)
   the space 12288K,  26% used [0x34800000, 0x34b32710, 0x34b32800, 0x35400000)
    ro space 10240K,  42% used [0x38800000, 0x38c3e578, 0x38c3e600, 0x39200000)
    rw space 12288K,  54% used [0x39200000, 0x3987f0e8, 0x3987f200, 0x39e00000)
}
Event: 37.986 GC heap before
{Heap before GC invocations=2 (full 0):
 def new generation   total 4928K, used 4928K [0x24800000, 0x24d50000, 0x29d50000)
  eden space 4416K, 100% used [0x24800000, 0x24c50000, 0x24c50000)
  from space 512K, 100% used [0x24c50000, 0x24cd0000, 0x24cd0000)
  to   space 512K,   0% used [0x24cd0000, 0x24cd0000, 0x24d50000)
 tenured generation   total 10944K, used 7396K [0x29d50000, 0x2a800000, 0x34800000)
   the space 10944K,  67% used [0x29d50000, 0x2a489110, 0x2a489200, 0x2a800000)
 compacting perm gen  total 12288K, used 3590K [0x34800000, 0x35400000, 0x38800000)
   the space 12288K,  29% used [0x34800000, 0x34b81b60, 0x34b81c00, 0x35400000)
    ro space 10240K,  42% used [0x38800000, 0x38c3e578, 0x38c3e600, 0x39200000)
    rw space 12288K,  54% used [0x39200000, 0x3987f0e8, 0x3987f200, 0x39e00000)
Event: 38.000 GC heap after
Heap after GC invocations=3 (full 0):
 def new generation   total 4928K, used 262K [0x24800000, 0x24d50000, 0x29d50000)
  eden space 4416K,   0% used [0x24800000, 0x24800000, 0x24c50000)
  from space 512K,  51% used [0x24cd0000, 0x24d11ac8, 0x24d50000)
  to   space 512K,   0% used [0x24c50000, 0x24c50000, 0x24cd0000)
 tenured generation   total 10944K, used 7885K [0x29d50000, 0x2a800000, 0x34800000)
   the space 10944K,  72% used [0x29d50000, 0x2a503568, 0x2a503600, 0x2a800000)
 compacting perm gen  total 12288K, used 3590K [0x34800000, 0x35400000, 0x38800000)
   the space 12288K,  29% used [0x34800000, 0x34b81b60, 0x34b81c00, 0x35400000)
    ro space 10240K,  42% used [0x38800000, 0x38c3e578, 0x38c3e600, 0x39200000)
    rw space 12288K,  54% used [0x39200000, 0x3987f0e8, 0x3987f200, 0x39e00000)
}
Event: 42.141 GC heap before
{Heap before GC invocations=3 (full 0):
 def new generation   total 4928K, used 4678K [0x24800000, 0x24d50000, 0x29d50000)
  eden space 4416K, 100% used [0x24800000, 0x24c50000, 0x24c50000)
  from space 512K,  51% used [0x24cd0000, 0x24d11ac8, 0x24d50000)
  to   space 512K,   0% used [0x24c50000, 0x24c50000, 0x24cd0000)
 tenured generation   total 10944K, used 7885K [0x29d50000, 0x2a800000, 0x34800000)
   the space 10944K,  72% used [0x29d50000, 0x2a503568, 0x2a503600, 0x2a800000)
 compacting perm gen  total 12288K, used 3590K [0x34800000, 0x35400000, 0x38800000)
   the space 12288K,  29% used [0x34800000, 0x34b81ba0, 0x34b81c00, 0x35400000)
    ro space 10240K,  42% used [0x38800000, 0x38c3e578, 0x38c3e600, 0x39200000)
    rw space 12288K,  54% used [0x39200000, 0x3987f0e8, 0x3987f200, 0x39e00000)
Event: 42.147 GC heap after
Heap after GC invocations=4 (full 0):
 def new generation   total 4928K, used 7K [0x24800000, 0x24d50000, 0x29d50000)
  eden space 4416K,   0% used [0x24800000, 0x24800000, 0x24c50000)
  from space 512K,   1% used [0x24c50000, 0x24c51f28, 0x24cd0000)
  to   space 512K,   0% used [0x24cd0000, 0x24cd0000, 0x24d50000)
 tenured generation   total 10944K, used 8059K [0x29d50000, 0x2a800000, 0x34800000)
   the space 10944K,  73% used [0x29d50000, 0x2a52ee68, 0x2a52f000, 0x2a800000)
 compacting perm gen  total 12288K, used 3590K [0x34800000, 0x35400000, 0x38800000)
   the space 12288K,  29% used [0x34800000, 0x34b81ba0, 0x34b81c00, 0x35400000)
    ro space 10240K,  42% used [0x38800000, 0x38c3e578, 0x38c3e600, 0x39200000)
    rw space 12288K,  54% used [0x39200000, 0x3987f0e8, 0x3987f200, 0x39e00000)
}
Event: 48.410 GC heap before
{Heap before GC invocations=4 (full 0):
 def new generation   total 4928K, used 4423K [0x24800000, 0x24d50000, 0x29d50000)
  eden space 4416K, 100% used [0x24800000, 0x24c50000, 0x24c50000)
  from space 512K,   1% used [0x24c50000, 0x24c51f28, 0x24cd0000)
  to   space 512K,   0% used [0x24cd0000, 0x24cd0000, 0x24d50000)
 tenured generation   total 10944K, used 8059K [0x29d50000, 0x2a800000, 0x34800000)
   the space 10944K,  73% used [0x29d50000, 0x2a52ee68, 0x2a52f000, 0x2a800000)
 compacting perm gen  total 12288K, used 3846K [0x34800000, 0x35400000, 0x38800000)
   the space 12288K,  31% used [0x34800000, 0x34bc1b50, 0x34bc1c00, 0x35400000)
    ro space 10240K,  42% used [0x38800000, 0x38c3e578, 0x38c3e600, 0x39200000)
    rw space 12288K,  54% used [0x39200000, 0x3987f0e8, 0x3987f200, 0x39e00000)
Event: 48.416 GC heap after
Heap after GC invocations=5 (full 0):
 def new generation   total 4928K, used 302K [0x24800000, 0x24d50000, 0x29d50000)
  eden space 4416K,   0% used [0x24800000, 0x24800000, 0x24c50000)
  from space 512K,  59% used [0x24cd0000, 0x24d1bb58, 0x24d50000)
  to   space 512K,   0% used [0x24c50000, 0x24c50000, 0x24cd0000)
 tenured generation   total 10944K, used 8059K [0x29d50000, 0x2a800000, 0x34800000)
   the space 10944K,  73% used [0x29d50000, 0x2a52ee68, 0x2a52f000, 0x2a800000)
 compacting perm gen  total 12288K, used 3846K [0x34800000, 0x35400000, 0x38800000)
   the space 12288K,  31% used [0x34800000, 0x34bc1b50, 0x34bc1c00, 0x35400000)
    ro space 10240K,  42% used [0x38800000, 0x38c3e578, 0x38c3e600, 0x39200000)
    rw space 12288K,  54% used [0x39200000, 0x3987f0e8, 0x3987f200, 0x39e00000)
}

